2009-06-24 12:56:12 Warning: Warning (2): htmlspecialchars() [<a href='http://php.net/function.htmlspecialchars'>function.htmlspecialchars</a>]: charset `GBK' not supported, assuming iso-8859-1 in [CORE\cake\basics.php, line 209]
2009-06-26 06:19:35 Warning: Warning (2): include(/files/footer.ctp) [<a href='http://php.net/function.include'>function.include</a>]: failed to open stream: No such file or directory in [APP\views\layouts\default.ctp, line 55]
2009-06-26 06:19:35 Warning: Warning (2): include() [<a href='http://php.net/function.include'>function.include</a>]: Failed opening '/files/footer.ctp' for inclusion (include_path='C:\wamp\www\googift;C:\wamp\www\googift\app\;.;C:\php5\pear') in [APP\views\layouts\default.ctp, line 55]
2009-06-26 06:20:55 Warning: Warning (2): include(/webroot/files/footer.ctp) [<a href='http://php.net/function.include'>function.include</a>]: failed to open stream: No such file or directory in [APP\views\layouts\default.ctp, line 55]
2009-06-26 06:20:55 Warning: Warning (2): include() [<a href='http://php.net/function.include'>function.include</a>]: Failed opening '/webroot/files/footer.ctp' for inclusion (include_path='C:\wamp\www\googift;C:\wamp\www\googift\app\;.;C:\php5\pear') in [APP\views\layouts\default.ctp, line 55]
2009-07-08 04:13:49 Warning: Warning (2): usort() [<a href='http://php.net/function.usort'>function.usort</a>]: Invalid comparison function in [APP\controllers\components\searchgift.php, line 10]
2009-07-08 04:14:36 Warning: Warning (2): usort() [<a href='http://php.net/function.usort'>function.usort</a>]: Invalid comparison function in [APP\controllers\components\searchgift.php, line 10]
2009-07-08 04:16:53 Warning: Warning (2): usort() [<a href='http://php.net/function.usort'>function.usort</a>]: Invalid comparison function in [APP\controllers\components\searchgift.php, line 10]
2009-07-08 04:17:03 Warning: Warning (2): usort() [<a href='http://php.net/function.usort'>function.usort</a>]: Invalid comparison function in [APP\controllers\components\searchgift.php, line 10]
2009-07-08 04:25:48 Warning: Warning (2): usort() [<a href='http://php.net/function.usort'>function.usort</a>]: Invalid comparison function in [APP\controllers\components\searchgift.php, line 23]
2008-07-08 08:29:55 Warning: Warning (2): Invalid argument supplied for foreach() in [APP\controllers\components\searchgift.php, line 46]
2008-07-08 08:31:14 Warning: Warning (2): Invalid argument supplied for foreach() in [APP\controllers\components\searchgift.php, line 46]
2008-07-08 08:32:02 Warning: Warning (2): Invalid argument supplied for foreach() in [APP\controllers\components\searchgift.php, line 45]
2008-07-08 08:32:43 Warning: Warning (2): Invalid argument supplied for foreach() in [APP\controllers\components\searchgift.php, line 46]
2008-07-08 08:59:14 Warning: Warning (2): Invalid argument supplied for foreach() in [APP\controllers\components\searchgift.php, line 25]
2008-07-08 12:01:30 Warning: Warning (2): Invalid argument supplied for foreach() in [APP\controllers\components\facet.php, line 11]
2009-07-09 03:23:18 Warning: Warning (2): Invalid argument supplied for foreach() in [APP\controllers\components\day.php, line 40]
2009-07-09 04:24:01 Warning: Warning (2): preg_match() [<a href='http://php.net/function.preg-match'>function.preg-match</a>]: Unknown modifier '?' in [APP\controllers\components\facet\age.php, line 8]
2009-07-09 04:25:10 Warning: Warning (2): preg_match() [<a href='http://php.net/function.preg-match'>function.preg-match</a>]: Unknown modifier '*' in [APP\controllers\components\facet\age.php, line 8]
2009-07-09 04:25:39 Warning: Warning (2): preg_match() [<a href='http://php.net/function.preg-match'>function.preg-match</a>]: Unknown modifier '{' in [APP\controllers\components\facet\age.php, line 8]
2009-07-09 04:38:37 Warning: Warning (2): preg_match() [<a href='http://php.net/function.preg-match'>function.preg-match</a>]: Delimiter must not be alphanumeric or backslash in [APP\controllers\components\facet\age.php, line 12]
2009-07-09 04:39:35 Warning: Warning (2): preg_match() [<a href='http://php.net/function.preg-match'>function.preg-match</a>]: Delimiter must not be alphanumeric or backslash in [APP\controllers\components\facet\age.php, line 12]
2009-07-09 04:39:35 Warning: Warning (2): preg_match() [<a href='http://php.net/function.preg-match'>function.preg-match</a>]: Unknown modifier 'å' in [APP\controllers\components\facet\age.php, line 12]
2009-07-09 09:44:50 Warning: Warning (4096): Object of class day could not be converted to string in [APP\controllers\components\facet\facetbase.php, line 13]
2009-07-09 09:44:50 Warning: Warning (4096): Object of class age could not be converted to string in [APP\controllers\components\facet\facetbase.php, line 13]
2009-07-21 05:17:29 Warning: Warning (2): include(files/footer.ctp) [<a href='http://php.net/function.include'>function.include</a>]: failed to open stream: No such file or directory in [APP\views\layouts\default.ctp, line 57]
2009-07-21 05:17:29 Warning: Warning (2): include() [<a href='http://php.net/function.include'>function.include</a>]: Failed opening 'files/footer.ctp' for inclusion (include_path='C:\wamp\www\googift;C:\wamp\www\googift\app\;.;C:\php5\pear') in [APP\views\layouts\default.ctp, line 57]
2009-07-21 05:26:04 Warning: Warning (2): require(../layouts/navigator.php) [<a href='http://php.net/function.require'>function.require</a>]: failed to open stream: No such file or directory in [APP\views\gift_knowledge\index.ctp, line 3]
2009-07-21 05:38:04 Warning: Warning (2): require(navigator.php) [<a href='http://php.net/function.require'>function.require</a>]: failed to open stream: No such file or directory in [APP\views\gift_knowledge\index.ctp, line 3]
2009-07-21 07:41:54 Warning: Warning (2): Invalid argument supplied for foreach() in [APP\controllers\gift_knowledge_controller.php, line 9]
2009-07-21 07:42:18 Warning: Warning (2): Invalid argument supplied for foreach() in [APP\controllers\gift_knowledge_controller.php, line 9]
2009-07-23 04:43:45 Warning: Warning (2): Invalid argument supplied for foreach() in [APP\controllers\gift_knowledge_controller.php, line 14]
2009-07-23 04:47:01 Warning: Warning (2): Invalid argument supplied for foreach() in [APP\controllers\gift_knowledge_controller.php, line 11]
2009-07-23 04:51:00 Warning: Warning (2): Invalid argument supplied for foreach() in [APP\controllers\gift_knowledge_controller.php, line 10]
2009-07-23 04:51:29 Warning: Warning (2): Invalid argument supplied for foreach() in [APP\controllers\gift_knowledge_controller.php, line 10]
2009-07-31 06:01:55 Warning: Warning (512): <span style = "color:Red;text-align:left"><b>SQL Error:</b> 1054: Unknown column 'mucian' in 'where clause'</span> in [CORE\cake\libs\model\datasources\dbo_source.php, line 525]
2009-07-31 06:03:02 Warning: Warning (512): <span style = "color:Red;text-align:left"><b>SQL Error:</b> 1054: Unknown column 'mucian' in 'where clause'</span> in [CORE\cake\libs\model\datasources\dbo_source.php, line 525]
2009-07-31 06:03:21 Warning: Warning (512): <span style = "color:Red;text-align:left"><b>SQL Error:</b> 1054: Unknown column 'mucian' in 'where clause'</span> in [CORE\cake\libs\model\datasources\dbo_source.php, line 525]
2009-07-31 06:04:27 Warning: Warning (512): <span style = "color:Red;text-align:left"><b>SQL Error:</b> 1054: Unknown column 'mucian' in 'where clause'</span> in [CORE\cake\libs\model\datasources\dbo_source.php, line 525]
2009-07-31 06:04:53 Warning: Warning (512): <span style = "color:Red;text-align:left"><b>SQL Error:</b> 1054: Unknown column 'mucian' in 'where clause'</span> in [CORE\cake\libs\model\datasources\dbo_source.php, line 525]
2009-07-31 06:06:57 Warning: Warning (512): <span style = "color:Red;text-align:left"><b>SQL Error:</b> 1054: Unknown column 'mucian' in 'where clause'</span> in [CORE\cake\libs\model\datasources\dbo_source.php, line 525]
2009-07-31 06:10:42 Warning: Warning (2): Missing argument 2 for Controller::flash(), called in C:\wamp\www\googift\app\controllers\users_controller.php on line 14 and defined in [CORE\cake\libs\controller\controller.php, line 858]
2009-07-31 07:19:25 Warning: Warning (2): mysql_connect() [<a href='http://php.net/function.mysql-connect'>function.mysql-connect</a>]: Can't connect to MySQL server on 'localhost' (10061) in [CORE\cake\libs\model\datasources\dbo\dbo_mysql.php, line 374]
2009-07-31 07:19:25 Warning: Warning (2): mysql_select_db(): supplied argument is not a valid MySQL-Link resource in [CORE\cake\libs\model\datasources\dbo\dbo_mysql.php, line 379]
2009-07-31 07:19:25 Warning: Warning (2): mysql_query(): supplied argument is not a valid MySQL-Link resource in [CORE\cake\libs\model\datasources\dbo\dbo_mysql.php, line 411]
2009-07-31 07:19:25 Warning: Warning (2): mysql_get_server_info(): supplied argument is not a valid MySQL-Link resource in [CORE\cake\libs\model\datasources\dbo\dbo_mysql.php, line 387]
2008-08-01 14:27:55 Warning: Warning (512): <span style = "color:Red;text-align:left"><b>SQL Error:</b> 1052: Column 'id' in where clause is ambiguous</span> in [CORE\cake\libs\model\datasources\dbo_source.php, line 525]
2009-08-03 09:59:59 Warning: Warning (512): <span style = "color:Red;text-align:left"><b>SQL Error:</b> 1048: Column 'user_id' cannot be null</span> in [CORE\cake\libs\model\datasources\dbo_source.php, line 525]
2009-08-03 10:06:11 Warning: Warning (512): <span style = "color:Red;text-align:left"><b>SQL Error:</b> 1048: Column 'user_id' cannot be null</span> in [CORE\cake\libs\model\datasources\dbo_source.php, line 525]
2009-08-04 05:54:18 Warning: Warning (2): Invalid argument supplied for foreach() in [APP\views\user\show_providers_for_user.ctp, line 11]
2009-08-04 05:56:19 Warning: Warning (2): Invalid argument supplied for foreach() in [APP\views\user\show_providers_for_user.ctp, line 11]
2009-08-04 05:57:40 Warning: Warning (2): Invalid argument supplied for foreach() in [APP\views\user\show_providers_for_user.ctp, line 11]
2009-08-04 05:57:50 Warning: Warning (2): Invalid argument supplied for foreach() in [APP\views\user\show_providers_for_user.ctp, line 11]
2009-08-04 06:00:04 Warning: Warning (2): Invalid argument supplied for foreach() in [APP\views\user\show_providers_for_user.ctp, line 11]
2009-08-04 06:44:28 Warning: Warning (512): <span style = "color:Red;text-align:left"><b>SQL Error:</b> 1052: Column 'id' in where clause is ambiguous</span> in [CORE\cake\libs\model\datasources\dbo_source.php, line 525]
2009-08-04 07:53:29 Warning: Warning (512): <span style = "color:Red;text-align:left"><b>SQL Error:</b> 1052: Column 'id' in where clause is ambiguous</span> in [CORE\cake\libs\model\datasources\dbo_source.php, line 525]
2009-08-04 07:53:29 Warning: Warning (2): Invalid argument supplied for foreach() in [APP\views\provider\show_gifts_of_provider.ctp, line 5]
2009-08-04 07:53:29 Warning: Warning (512): Method HtmlHelper::charsetTag does not exist in [CORE\cake\libs\view\helper.php, line 143]
2009-08-04 07:55:40 Warning: Warning (2): Invalid argument supplied for foreach() in [APP\views\provider\show_gifts_of_provider.ctp, line 5]
2009-08-04 07:55:40 Warning: Warning (512): Method HtmlHelper::charsetTag does not exist in [CORE\cake\libs\view\helper.php, line 143]
2009-08-04 07:58:31 Warning: Warning (512): Method HtmlHelper::charsetTag does not exist in [CORE\cake\libs\view\helper.php, line 143]
2009-08-04 08:37:28 Warning: Warning (512): Method HtmlHelper::charsetTag does not exist in [CORE\cake\libs\view\helper.php, line 143]
2009-08-04 08:38:59 Warning: Warning (512): Method HtmlHelper::charsetTag does not exist in [CORE\cake\libs\view\helper.php, line 143]
2009-08-04 08:40:45 Warning: Warning (512): Method HtmlHelper::charsetTag does not exist in [CORE\cake\libs\view\helper.php, line 143]
2009-08-04 14:07:39 Warning: Warning (2): Illegal offset type in [APP\controllers\gift_knowledges_controller.php, line 12]
2009-08-04 14:07:39 Warning: Warning (2): Illegal offset type in [APP\controllers\gift_knowledges_controller.php, line 13]
2009-08-04 14:08:36 Warning: Warning (2): Illegal offset type in [APP\controllers\gift_knowledges_controller.php, line 13]
2009-08-04 14:08:36 Warning: Warning (2): Illegal offset type in [APP\controllers\gift_knowledges_controller.php, line 14]
2009-08-04 14:12:11 Warning: Warning (512): <span style = "color:Red;text-align:left"><b>SQL Error:</b> 1064: You have an error in your SQL syntax; check the manual that corresponds to your MySQL server version for the right syntax to use near 'getGiftCates' at line 1</span> in [CORE\cake\libs\model\datasources\dbo_source.php, line 525]
2009-08-04 14:14:04 Warning: Warning (512): <span style = "color:Red;text-align:left"><b>SQL Error:</b> 1064: You have an error in your SQL syntax; check the manual that corresponds to your MySQL server version for the right syntax to use near 'getGiftCates' at line 1</span> in [CORE\cake\libs\model\datasources\dbo_source.php, line 525]
2009-08-04 14:14:04 Warning: Warning (512): <span style = "color:Red;text-align:left"><b>SQL Error:</b> 1054: Unknown column 'gift_knowledges.id' in 'where clause'</span> in [CORE\cake\libs\model\datasources\dbo_source.php, line 525]
2009-08-04 14:17:58 Warning: Warning (512): <span style = "color:Red;text-align:left"><b>SQL Error:</b> 1054: Unknown column 'gift_knowledges.id' in 'where clause'</span> in [CORE\cake\libs\model\datasources\dbo_source.php, line 525]
2009-08-05 08:23:37 Warning: Warning (2): move_uploaded_file(C:\wamp\www\googift\app\webroot\img\giftImage\C:\wamp\tmp\php75.tmp) [<a href='http://php.net/function.move-uploaded-file'>function.move-uploaded-file</a>]: failed to open stream: Invalid argument in [APP\controllers\gifts_controller.php, line 45]
2009-08-05 08:23:37 Warning: Warning (2): move_uploaded_file() [<a href='http://php.net/function.move-uploaded-file'>function.move-uploaded-file</a>]: Unable to move 'C:\wamp\tmp\php75.tmp' to 'C:\wamp\www\googift\app\webroot\img\giftImage\C:\wamp\tmp\php75.tmp' in [APP\controllers\gifts_controller.php, line 45]
2009-08-05 09:29:18 Warning: Warning (2): require_once(facet/.php) [<a href='http://php.net/function.require-once'>function.require-once</a>]: failed to open stream: No such file or directory in [APP\controllers\components\facet.php, line 22]
2009-08-05 09:29:59 Warning: Warning (2): require_once(facet/.php) [<a href='http://php.net/function.require-once'>function.require-once</a>]: failed to open stream: No such file or directory in [APP\controllers\components\facet.php, line 22]
2009-08-05 09:31:31 Warning: Warning (2): require_once(facet/.php) [<a href='http://php.net/function.require-once'>function.require-once</a>]: failed to open stream: No such file or directory in [APP\controllers\components\facet.php, line 22]
2009-08-05 09:35:07 Warning: Warning (2): require_once(facet/.php) [<a href='http://php.net/function.require-once'>function.require-once</a>]: failed to open stream: No such file or directory in [APP\controllers\components\facet.php, line 22]
2009-08-05 09:35:25 Warning: Warning (2): require_once(facet/.php) [<a href='http://php.net/function.require-once'>function.require-once</a>]: failed to open stream: No such file or directory in [APP\controllers\components\facet.php, line 22]
2009-08-07 06:44:01 Warning: Warning (2): Invalid argument supplied for foreach() in [APP\views\provider\show_gifts_of_provider.ctp, line 5]
2009-08-07 06:57:05 Warning: Warning (2): session_regenerate_id() [<a href='http://php.net/function.session-regenerate-id'>function.session-regenerate-id</a>]: Session object destruction failed in [CORE\cake\libs\session.php, line 599]
2009-08-07 07:02:29 Warning: Warning (2): unlink(C:\wamp\www\googift\app\tmp\cache\models\cake_model_default_googift_list) [<a href='http://php.net/function.unlink'>function.unlink</a>]: Permission denied in [CORE\cake\libs\file.php, line 292]
2009-08-07 07:02:29 Warning: Warning (2): unlink(C:\wamp\www\googift\app\tmp\cache\models\cake_model_default_aros) [<a href='http://php.net/function.unlink'>function.unlink</a>]: No such file or directory in [CORE\cake\libs\file.php, line 292]
2009-08-07 07:02:42 Warning: Warning (2): unlink(C:\wamp\www\googift\app\tmp\cache\persistent\cake_core_dir_map) [<a href='http://php.net/function.unlink'>function.unlink</a>]: No such file or directory in [CORE\cake\libs\file.php, line 292]
2009-08-07 07:03:18 Warning: Warning (2): Invalid argument supplied for foreach() in [APP\views\provider\show_gifts_of_provider.ctp, line 5]
2009-08-07 07:04:41 Warning: Warning (2): Invalid argument supplied for foreach() in [APP\views\provider\show_gifts_of_provider.ctp, line 5]
2009-08-07 07:06:43 Warning: Warning (2): Invalid argument supplied for foreach() in [APP\views\provider\show_gifts_of_provider.ctp, line 5]
2009-08-07 07:10:50 Warning: Warning (2): Invalid argument supplied for foreach() in [APP\views\provider\show_gifts_of_provider.ctp, line 5]
2009-08-07 07:12:08 Warning: Warning (2): Invalid argument supplied for foreach() in [APP\views\provider\show_gifts_of_provider.ctp, line 5]
2009-08-07 07:16:07 Warning: Warning (2): Invalid argument supplied for foreach() in [APP\views\provider\show_gifts_of_provider.ctp, line 5]
2009-08-07 07:28:15 Warning: Warning (2): array_merge() [<a href='http://php.net/function.array-merge'>function.array-merge</a>]: Argument #2 is not an array in [CORE\cake\libs\view\helpers\form.php, line 175]
2009-08-07 07:44:34 Warning: Warning (2): array_merge() [<a href='http://php.net/function.array-merge'>function.array-merge</a>]: Argument #2 is not an array in [CORE\cake\libs\view\helpers\form.php, line 175]
2009-08-07 08:00:55 Warning: Warning (2): array_merge() [<a href='http://php.net/function.array-merge'>function.array-merge</a>]: Argument #2 is not an array in [CORE\cake\libs\view\helpers\form.php, line 175]
2009-08-12 09:56:12 Warning: Warning (2): array_merge() [<a href='http://php.net/function.array-merge'>function.array-merge</a>]: Argument #2 is not an array in [CORE\cake\libs\view\helpers\form.php, line 175]
2009-08-12 09:58:35 Warning: Warning (2): array_merge() [<a href='http://php.net/function.array-merge'>function.array-merge</a>]: Argument #2 is not an array in [CORE\cake\libs\view\helpers\form.php, line 175]
2009-08-12 10:13:49 Warning: Warning (2): array_merge() [<a href='http://php.net/function.array-merge'>function.array-merge</a>]: Argument #2 is not an array in [APP\views\helpers\form.php, line 175]
2009-08-12 10:14:50 Warning: Warning (2): array_merge() [<a href='http://php.net/function.array-merge'>function.array-merge</a>]: Argument #2 is not an array in [APP\views\helpers\form.php, line 175]
2009-08-12 10:15:46 Warning: Warning (2): array_merge() [<a href='http://php.net/function.array-merge'>function.array-merge</a>]: Argument #2 is not an array in [APP\views\helpers\form.php, line 175]
2009-08-12 10:15:55 Warning: Warning (512): <span style = "color:Red;text-align:left"><b>SQL Error:</b> 1054: Unknown column 'Provider.id' in 'where clause'</span> in [CORE\cake\libs\model\datasources\dbo_source.php, line 525]
2009-08-12 10:15:55 Warning: Warning (2): array_merge() [<a href='http://php.net/function.array-merge'>function.array-merge</a>]: Argument #2 is not an array in [APP\views\helpers\form.php, line 175]
2009-08-12 10:15:55 Warning: Warning (512): <span style = "color:Red;text-align:left"><b>SQL Error:</b> 1054: Unknown column 'Provider.id' in 'where clause'</span> in [CORE\cake\libs\model\datasources\dbo_source.php, line 525]
2009-08-12 10:15:55 Warning: Warning (2): array_merge() [<a href='http://php.net/function.array-merge'>function.array-merge</a>]: Argument #2 is not an array in [APP\views\helpers\form.php, line 175]
2009-08-12 10:16:23 Warning: Warning (2): array_merge() [<a href='http://php.net/function.array-merge'>function.array-merge</a>]: Argument #2 is not an array in [APP\views\helpers\form.php, line 175]
2009-08-12 10:21:03 Warning: Warning (2): array_merge() [<a href='http://php.net/function.array-merge'>function.array-merge</a>]: Argument #2 is not an array in [APP\views\helpers\form.php, line 175]
2009-08-12 10:37:32 Warning: Warning (2): array_merge() [<a href='http://php.net/function.array-merge'>function.array-merge</a>]: Argument #2 is not an array in [APP\views\helpers\form.php, line 175]
