2010-01-13 07:26:30 Debug: Notice (8): Undefined variable: javascript in [APP\views\layouts\default.ctp, line 32]
2010-01-13 07:26:54 Debug: Notice (8): Undefined variable: javascript in [APP\views\layouts\default.ctp, line 32]
2010-01-13 07:27:28 Debug: Notice (8): Undefined variable: javascript in [APP\views\layouts\default.ctp, line 32]
2010-01-13 07:29:31 Debug: Notice (8): Undefined variable: javascript in [APP\views\layouts\default.ctp, line 32]
2010-01-13 07:30:56 Debug: Notice (8): Use of undefined constant NAVIGATION_PATH_KEY - assumed 'NAVIGATION_PATH_KEY' in [APP\views\layouts\navigator.ctp, line 3]
2010-01-13 08:02:46 Debug: Notice (8): Undefined index: Gift in [APP\views\product\index.ctp, line 32]
2010-01-13 08:02:46 Debug: Notice (8): Undefined index: Gift in [APP\views\product\index.ctp, line 33]
2010-01-13 08:02:46 Debug: Notice (8): Undefined index: Gift in [APP\views\product\index.ctp, line 34]
2010-01-13 08:02:46 Debug: Notice (8): Undefined index: Gift in [APP\views\product\index.ctp, line 35]
2010-01-13 09:56:45 Debug: Notice (8): Undefined index: Gift in [APP\views\product\index.ctp, line 32]
2010-01-13 09:56:45 Debug: Notice (8): Undefined index: Gift in [APP\views\product\index.ctp, line 33]
2010-01-13 09:56:45 Debug: Notice (8): Undefined index: Gift in [APP\views\product\index.ctp, line 34]
2010-01-13 09:56:45 Debug: Notice (8): Undefined index: Gift in [APP\views\product\index.ctp, line 35]
2010-01-13 10:01:32 Debug: Notice (8): Undefined index: Gift in [APP\views\product\index.ctp, line 32]
2010-01-13 10:02:30 Debug: Notice (8): Undefined index: Gift in [APP\views\product\index.ctp, line 32]
2010-01-13 10:04:48 Debug: Notice (8): Undefined index: Gift in [APP\views\product\index.ctp, line 32]
2010-01-19 02:09:21 Debug: Notice (8): Undefined index: image_url in [APP\views\product\index.ctp, line 32]
2010-01-19 02:18:13 Debug: Notice (8): Use of undefined constant USER_LOGIN_KEY - assumed 'USER_LOGIN_KEY' in [APP\views\layouts\top.ctp, line 9]
2010-01-19 02:21:46 Debug: Notice (8): Undefined index: image_url in [APP\views\product\index.ctp, line 31]
2010-01-19 02:50:23 Debug: Notice (8): Undefined index: resouce_link in [APP\views\product\index.ctp, line 33]
2010-01-19 02:50:23 Debug: Notice (8): Undefined index: url in [APP\views\product\index.ctp, line 48]
2010-01-19 02:50:23 Debug: Notice (8): Undefined index: discount_price in [APP\views\product\index.ctp, line 49]
2010-01-19 03:12:30 Debug: Notice (8): Undefined variable: paginator in [APP\views\product\index.ctp, line 54]
2010-01-19 03:17:57 Debug: Notice (8): Undefined variable: paginate in [APP\controllers\product_controller.php, line 15]
2010-01-19 03:18:39 Debug: Notice (8): Undefined variable: paginate in [APP\controllers\product_controller.php, line 15]
2010-01-19 03:20:24 Debug: Notice (8): Undefined variable: paginate in [APP\controllers\product_controller.php, line 16]
2010-01-19 05:01:54 Debug: Notice (8): Undefined variable: html in [APP\controllers\product_controller.php, line 19]
